<?xml version="1.0" encoding="UTF-8"?>
<!-- Generated by org.testng.reporters.JUnitReportReporter -->
<testsuite hostname="DE-C-W-878" name="tests.SimpleLogin" tests="1" failures="0" timestamp="30 Mar 2015 14:19:04 GMT" time="2.165" errors="0">
  <testcase name="testLogin" time="2.165" classname="tests.SimpleLogin"/>
</testsuite> <!-- tests.SimpleLogin -->
