<?xml version="1.0" encoding="UTF-8"?>
<!-- Generated by org.testng.reporters.JUnitReportReporter -->
<testsuite hostname="DE-C-W-878" name="tests.DeleteAllUsersExceptAdmin" tests="1" failures="1" timestamp="30 Mar 2015 09:15:20 GMT" time="0.000" errors="0">
  <testcase name="testDeleteAllUsersWithoutAdmin" time="0.000" classname="tests.DeleteAllUsersExceptAdmin">
    <failure type="org.openqa.selenium.WebDriverException" message="Unable to connect to host 127.0.0.1 on port 7055 after 45000 ms. Firefox console output:
121	addons.xpi	DEBUG	startup
1427706875122	addons.xpi	INFO	Mapping fxdriver@googlecode.com to C:\Users\Admin\AppData\Local\Temp\anonymous7212343998172277266webdriver-profile\extensions\fxdriver@googlecode.com
1427706875122	addons.xpi	DEBUG	Ignoring file entry whose name is not a valid add-on ID: C:\Users\Admin\AppData\Local\Temp\anonymous7212343998172277266webdriver-profile\extensions\webdriver-staging
1427706875123	addons.xpi	INFO	Mapping {e4f94d1e-2f53-401e-8885-681602c0ddd8} to C:\ProgramData\McAfee Security Scan\Extensions\{e4f94d1e-2f53-401e-8885-681602c0ddd8}.xpi
1427706875123	addons.xpi	INFO	Mapping {972ce4c6-7e08-4474-a285-3208198ce6fd} to C:\Program Files (x86)\Mozilla Firefox\browser\extensions\{972ce4c6-7e08-4474-a285-3208198ce6fd}
1427706875123	addons.xpi	DEBUG	Skipping unavailable install location app-system-share
1427706875123	addons.xpi	DEBUG	Skipping unavailable install location app-system-local
1427706875124	addons.xpi	INFO	Mapping automation3@ranorex.com to C:\Program Files (x86)\Ranorex 4.1\Ranorex Firefox Extension
1427706875124	addons.xpi	DEBUG	checkForChanges
1427706875125	addons.xpi	DEBUG	Loaded add-on state from prefs: {&quot;app-profile&quot;:{&quot;fxdriver@googlecode.com&quot;:{&quot;d&quot;:&quot;C:\\Users\\Admin\\AppData\\Local\\Temp\\anonymous7212343998172277266webdriver-profile\\extensions\\fxdriver@googlecode.com&quot;,&quot;e&quot;:true,&quot;v&quot;:&quot;2.44.0&quot;,&quot;st&quot;:1427706871987,&quot;mt&quot;:1427706871977}},&quot;winreg-app-user&quot;:{&quot;{e4f94d1e-2f53-401e-8885-681602c0ddd8}&quot;:{&quot;d&quot;:&quot;C:\\ProgramData\\McAfee Security Scan\\Extensions\\{e4f94d1e-2f53-401e-8885-681602c0ddd8}.xpi&quot;,&quot;e&quot;:false,&quot;v&quot;:&quot;1.0&quot;,&quot;st&quot;:1396607774000}},&quot;app-global&quot;:{&quot;{972ce4c6-7e08-4474-a285-3208198ce6fd}&quot;:{&quot;d&quot;:&quot;C:\\Program Files (x86)\\Mozilla Firefox\\browser\\extensions\\{972ce4c6-7e08-4474-a285-3208198ce6fd}&quot;,&quot;e&quot;:true,&quot;v&quot;:&quot;36.0.4&quot;,&quot;st&quot;:1426969958505,&quot;mt&quot;:1426969958505}},&quot;winreg-app-global&quot;:{&quot;automation3@ranorex.com&quot;:{&quot;d&quot;:&quot;C:\\Program Files (x86)\\Ranorex 4.1\\Ranorex Firefox Extension&quot;,&quot;e&quot;:false,&quot;v&quot;:&quot;4.1.1.15872&quot;,&quot;st&quot;:1382193527437,&quot;mt&quot;:1380116962000}}}
1427706875125	addons.xpi	DEBUG	getModTime: Recursive scan of fxdriver@googlecode.com
1427706875131	addons.xpi	DEBUG	getModTime: Recursive scan of {972ce4c6-7e08-4474-a285-3208198ce6fd}
1427706875131	addons.xpi	DEBUG	getInstallState changed: false, state: {&quot;app-profile&quot;:{&quot;fxdriver@googlecode.com&quot;:{&quot;d&quot;:&quot;C:\\Users\\Admin\\AppData\\Local\\Temp\\anonymous7212343998172277266webdriver-profile\\extensions\\fxdriver@googlecode.com&quot;,&quot;e&quot;:true,&quot;v&quot;:&quot;2.44.0&quot;,&quot;st&quot;:1427706871987,&quot;mt&quot;:1427706871977}},&quot;winreg-app-user&quot;:{&quot;{e4f94d1e-2f53-401e-8885-681602c0ddd8}&quot;:{&quot;d&quot;:&quot;C:\\ProgramData\\McAfee Security Scan\\Extensions\\{e4f94d1e-2f53-401e-8885-681602c0ddd8}.xpi&quot;,&quot;e&quot;:false,&quot;v&quot;:&quot;1.0&quot;,&quot;st&quot;:1396607774000}},&quot;app-global&quot;:{&quot;{972ce4c6-7e08-4474-a285-3208198ce6fd}&quot;:{&quot;d&quot;:&quot;C:\\Program Files (x86)\\Mozilla Firefox\\browser\\extensions\\{972ce4c6-7e08-4474-a285-3208198ce6fd}&quot;,&quot;e&quot;:true,&quot;v&quot;:&quot;36.0.4&quot;,&quot;st&quot;:1426969958505,&quot;mt&quot;:1426969958505}},&quot;winreg-app-global&quot;:{&quot;automation3@ranorex.com&quot;:{&quot;d&quot;:&quot;C:\\Program Files (x86)\\Ranorex 4.1\\Ranorex Firefox Extension&quot;,&quot;e&quot;:false,&quot;v&quot;:&quot;4.1.1.15872&quot;,&quot;st&quot;:1382193527437,&quot;mt&quot;:1380116962000}}}
1427706875133	addons.xpi	DEBUG	No changes found
1427706875136	addons.manager	DEBUG	Registering shutdown blocker for XPIProvider
1427706875136	addons.manager	DEBUG	Registering shutdown blocker for LightweightThemeManager
1427706875137	addons.manager	DEBUG	Registering shutdown blocker for OpenH264Provider
1427706875137	addons.manager	DEBUG	Registering shutdown blocker for PluginProvider
JavaScript error: file:///C:/Users/Admin/AppData/Local/Temp/anonymous7212343998172277266webdriver-profile/extensions/fxdriver@googlecode.com/components/driver-component.js, line 11487: TypeError: this.server_ is undefined
JavaScript error: chrome://fxdriver/content/server.js, line 38: NS_ERROR_XPC_CI_RETURNED_FAILURE: Component returned failure code: 0x80570015 (NS_ERROR_XPC_CI_RETURNED_FAILURE) [nsIJSCID.createInstance]
*** Blocklist::_preloadBlocklistFile: blocklist is disabled
1427706876430	addons.manager	DEBUG	Registering shutdown blocker for &lt;unnamed-provider&gt;

Command duration or timeout: 48.31 seconds
Build info: version: &#039;2.37.0&#039;, revision: &#039;a7c61cb&#039;, time: &#039;2013-10-18 17:15:02&#039;
System info: host: &#039;DE-C-W-878&#039;, ip: &#039;192.168.56.1&#039;, os.name: &#039;Windows 7&#039;, os.arch: &#039;amd64&#039;, os.version: &#039;6.1&#039;, java.version: &#039;1.7.0_45&#039;
Driver info: org.openqa.selenium.remote.RemoteWebDriver">
      <![CDATA[org.openqa.selenium.WebDriverException: Unable to connect to host 127.0.0.1 on port 7055 after 45000 ms. Firefox console output:
121	addons.xpi	DEBUG	startup
1427706875122	addons.xpi	INFO	Mapping fxdriver@googlecode.com to C:\Users\Admin\AppData\Local\Temp\anonymous7212343998172277266webdriver-profile\extensions\fxdriver@googlecode.com
1427706875122	addons.xpi	DEBUG	Ignoring file entry whose name is not a valid add-on ID: C:\Users\Admin\AppData\Local\Temp\anonymous7212343998172277266webdriver-profile\extensions\webdriver-staging
1427706875123	addons.xpi	INFO	Mapping {e4f94d1e-2f53-401e-8885-681602c0ddd8} to C:\ProgramData\McAfee Security Scan\Extensions\{e4f94d1e-2f53-401e-8885-681602c0ddd8}.xpi
1427706875123	addons.xpi	INFO	Mapping {972ce4c6-7e08-4474-a285-3208198ce6fd} to C:\Program Files (x86)\Mozilla Firefox\browser\extensions\{972ce4c6-7e08-4474-a285-3208198ce6fd}
1427706875123	addons.xpi	DEBUG	Skipping unavailable install location app-system-share
1427706875123	addons.xpi	DEBUG	Skipping unavailable install location app-system-local
1427706875124	addons.xpi	INFO	Mapping automation3@ranorex.com to C:\Program Files (x86)\Ranorex 4.1\Ranorex Firefox Extension
1427706875124	addons.xpi	DEBUG	checkForChanges
1427706875125	addons.xpi	DEBUG	Loaded add-on state from prefs: {"app-profile":{"fxdriver@googlecode.com":{"d":"C:\\Users\\Admin\\AppData\\Local\\Temp\\anonymous7212343998172277266webdriver-profile\\extensions\\fxdriver@googlecode.com","e":true,"v":"2.44.0","st":1427706871987,"mt":1427706871977}},"winreg-app-user":{"{e4f94d1e-2f53-401e-8885-681602c0ddd8}":{"d":"C:\\ProgramData\\McAfee Security Scan\\Extensions\\{e4f94d1e-2f53-401e-8885-681602c0ddd8}.xpi","e":false,"v":"1.0","st":1396607774000}},"app-global":{"{972ce4c6-7e08-4474-a285-3208198ce6fd}":{"d":"C:\\Program Files (x86)\\Mozilla Firefox\\browser\\extensions\\{972ce4c6-7e08-4474-a285-3208198ce6fd}","e":true,"v":"36.0.4","st":1426969958505,"mt":1426969958505}},"winreg-app-global":{"automation3@ranorex.com":{"d":"C:\\Program Files (x86)\\Ranorex 4.1\\Ranorex Firefox Extension","e":false,"v":"4.1.1.15872","st":1382193527437,"mt":1380116962000}}}
1427706875125	addons.xpi	DEBUG	getModTime: Recursive scan of fxdriver@googlecode.com
1427706875131	addons.xpi	DEBUG	getModTime: Recursive scan of {972ce4c6-7e08-4474-a285-3208198ce6fd}
1427706875131	addons.xpi	DEBUG	getInstallState changed: false, state: {"app-profile":{"fxdriver@googlecode.com":{"d":"C:\\Users\\Admin\\AppData\\Local\\Temp\\anonymous7212343998172277266webdriver-profile\\extensions\\fxdriver@googlecode.com","e":true,"v":"2.44.0","st":1427706871987,"mt":1427706871977}},"winreg-app-user":{"{e4f94d1e-2f53-401e-8885-681602c0ddd8}":{"d":"C:\\ProgramData\\McAfee Security Scan\\Extensions\\{e4f94d1e-2f53-401e-8885-681602c0ddd8}.xpi","e":false,"v":"1.0","st":1396607774000}},"app-global":{"{972ce4c6-7e08-4474-a285-3208198ce6fd}":{"d":"C:\\Program Files (x86)\\Mozilla Firefox\\browser\\extensions\\{972ce4c6-7e08-4474-a285-3208198ce6fd}","e":true,"v":"36.0.4","st":1426969958505,"mt":1426969958505}},"winreg-app-global":{"automation3@ranorex.com":{"d":"C:\\Program Files (x86)\\Ranorex 4.1\\Ranorex Firefox Extension","e":false,"v":"4.1.1.15872","st":1382193527437,"mt":1380116962000}}}
1427706875133	addons.xpi	DEBUG	No changes found
1427706875136	addons.manager	DEBUG	Registering shutdown blocker for XPIProvider
1427706875136	addons.manager	DEBUG	Registering shutdown blocker for LightweightThemeManager
1427706875137	addons.manager	DEBUG	Registering shutdown blocker for OpenH264Provider
1427706875137	addons.manager	DEBUG	Registering shutdown blocker for PluginProvider
JavaScript error: file:///C:/Users/Admin/AppData/Local/Temp/anonymous7212343998172277266webdriver-profile/extensions/fxdriver@googlecode.com/components/driver-component.js, line 11487: TypeError: this.server_ is undefined
JavaScript error: chrome://fxdriver/content/server.js, line 38: NS_ERROR_XPC_CI_RETURNED_FAILURE: Component returned failure code: 0x80570015 (NS_ERROR_XPC_CI_RETURNED_FAILURE) [nsIJSCID.createInstance]
*** Blocklist::_preloadBlocklistFile: blocklist is disabled
1427706876430	addons.manager	DEBUG	Registering shutdown blocker for <unnamed-provider>

Command duration or timeout: 48.31 seconds
Build info: version: '2.37.0', revision: 'a7c61cb', time: '2013-10-18 17:15:02'
System info: host: 'DE-C-W-878', ip: '192.168.56.1', os.name: 'Windows 7', os.arch: 'amd64', os.version: '6.1', java.version: '1.7.0_45'
Driver info: org.openqa.selenium.remote.RemoteWebDriver
	at sun.reflect.NativeConstructorAccessorImpl.newInstance0(Native Method)
	at sun.reflect.NativeConstructorAccessorImpl.newInstance(Unknown Source)
	at sun.reflect.DelegatingConstructorAccessorImpl.newInstance(Unknown Source)
	at java.lang.reflect.Constructor.newInstance(Unknown Source)
	at org.openqa.selenium.remote.ErrorHandler.createThrowable(ErrorHandler.java:193)
	at org.openqa.selenium.remote.ErrorHandler.throwIfResponseFailed(ErrorHandler.java:145)
	at org.openqa.selenium.remote.RemoteWebDriver.execute(RemoteWebDriver.java:554)
	at org.openqa.selenium.remote.RemoteWebDriver.startSession(RemoteWebDriver.java:216)
	at org.openqa.selenium.remote.RemoteWebDriver.<init>(RemoteWebDriver.java:111)
	at org.openqa.selenium.remote.RemoteWebDriver.<init>(RemoteWebDriver.java:129)
	at tests.DeleteAllUsersExceptAdmin.setUpBeforeClass(DeleteAllUsersExceptAdmin.java:31)
	at sun.reflect.NativeMethodAccessorImpl.invoke0(Native Method)
	at sun.reflect.NativeMethodAccessorImpl.invoke(Unknown Source)
	at sun.reflect.DelegatingMethodAccessorImpl.invoke(Unknown Source)
	at java.lang.reflect.Method.invoke(Unknown Source)
	at org.testng.internal.MethodInvocationHelper.invokeMethod(MethodInvocationHelper.java:84)
	at org.testng.internal.Invoker.invokeConfigurationMethod(Invoker.java:564)
	at org.testng.internal.Invoker.invokeConfigurations(Invoker.java:213)
	at org.testng.internal.Invoker.invokeConfigurations(Invoker.java:138)
	at org.testng.internal.TestMethodWorker.invokeBeforeClassMethods(TestMethodWorker.java:175)
	at org.testng.internal.TestMethodWorker.run(TestMethodWorker.java:107)
	at org.testng.TestRunner.privateRun(TestRunner.java:767)
	at org.testng.TestRunner.run(TestRunner.java:617)
	at org.testng.SuiteRunner.runTest(SuiteRunner.java:334)
	at org.testng.SuiteRunner.runSequentially(SuiteRunner.java:329)
	at org.testng.SuiteRunner.privateRun(SuiteRunner.java:291)
	at org.testng.SuiteRunner.run(SuiteRunner.java:240)
	at org.testng.SuiteRunnerWorker.runSuite(SuiteRunnerWorker.java:52)
	at org.testng.SuiteRunnerWorker.run(SuiteRunnerWorker.java:86)
	at org.testng.TestNG.runSuitesSequentially(TestNG.java:1224)
	at org.testng.TestNG.runSuitesLocally(TestNG.java:1149)
	at org.testng.TestNG.run(TestNG.java:1057)
	at org.testng.remote.RemoteTestNG.run(RemoteTestNG.java:111)
	at org.testng.remote.RemoteTestNG.initAndRun(RemoteTestNG.java:204)
	at org.testng.remote.RemoteTestNG.main(RemoteTestNG.java:175)
Caused by: org.openqa.selenium.remote.ErrorHandler$UnknownServerException: Unable to connect to host 127.0.0.1 on port 7055 after 45000 ms. Firefox console output:
121	addons.xpi	DEBUG	startup
1427706875122	addons.xpi	INFO	Mapping fxdriver@googlecode.com to C:\Users\Admin\AppData\Local\Temp\anonymous7212343998172277266webdriver-profile\extensions\fxdriver@googlecode.com
1427706875122	addons.xpi	DEBUG	Ignoring file entry whose name is not a valid add-on ID: C:\Users\Admin\AppData\Local\Temp\anonymous7212343998172277266webdriver-profile\extensions\webdriver-staging
1427706875123	addons.xpi	INFO	Mapping {e4f94d1e-2f53-401e-8885-681602c0ddd8} to C:\ProgramData\McAfee Security Scan\Extensions\{e4f94d1e-2f53-401e-8885-681602c0ddd8}.xpi
1427706875123	addons.xpi	INFO	Mapping {972ce4c6-7e08-4474-a285-3208198ce6fd} to C:\Program Files (x86)\Mozilla Firefox\browser\extensions\{972ce4c6-7e08-4474-a285-3208198ce6fd}
1427706875123	addons.xpi	DEBUG	Skipping unavailable install location app-system-share
1427706875123	addons.xpi	DEBUG	Skipping unavailable install location app-system-local
1427706875124	addons.xpi	INFO	Mapping automation3@ranorex.com to C:\Program Files (x86)\Ranorex 4.1\Ranorex Firefox Extension
1427706875124	addons.xpi	DEBUG	checkForChanges
1427706875125	addons.xpi	DEBUG	Loaded add-on state from prefs: {"app-profile":{"fxdriver@googlecode.com":{"d":"C:\\Users\\Admin\\AppData\\Local\\Temp\\anonymous7212343998172277266webdriver-profile\\extensions\\fxdriver@googlecode.com","e":true,"v":"2.44.0","st":1427706871987,"mt":1427706871977}},"winreg-app-user":{"{e4f94d1e-2f53-401e-8885-681602c0ddd8}":{"d":"C:\\ProgramData\\McAfee Security Scan\\Extensions\\{e4f94d1e-2f53-401e-8885-681602c0ddd8}.xpi","e":false,"v":"1.0","st":1396607774000}},"app-global":{"{972ce4c6-7e08-4474-a285-3208198ce6fd}":{"d":"C:\\Program Files (x86)\\Mozilla Firefox\\browser\\extensions\\{972ce4c6-7e08-4474-a285-3208198ce6fd}","e":true,"v":"36.0.4","st":1426969958505,"mt":1426969958505}},"winreg-app-global":{"automation3@ranorex.com":{"d":"C:\\Program Files (x86)\\Ranorex 4.1\\Ranorex Firefox Extension","e":false,"v":"4.1.1.15872","st":1382193527437,"mt":1380116962000}}}
1427706875125	addons.xpi	DEBUG	getModTime: Recursive scan of fxdriver@googlecode.com
1427706875131	addons.xpi	DEBUG	getModTime: Recursive scan of {972ce4c6-7e08-4474-a285-3208198ce6fd}
1427706875131	addons.xpi	DEBUG	getInstallState changed: false, state: {"app-profile":{"fxdriver@googlecode.com":{"d":"C:\\Users\\Admin\\AppData\\Local\\Temp\\anonymous7212343998172277266webdriver-profile\\extensions\\fxdriver@googlecode.com","e":true,"v":"2.44.0","st":1427706871987,"mt":1427706871977}},"winreg-app-user":{"{e4f94d1e-2f53-401e-8885-681602c0ddd8}":{"d":"C:\\ProgramData\\McAfee Security Scan\\Extensions\\{e4f94d1e-2f53-401e-8885-681602c0ddd8}.xpi","e":false,"v":"1.0","st":1396607774000}},"app-global":{"{972ce4c6-7e08-4474-a285-3208198ce6fd}":{"d":"C:\\Program Files (x86)\\Mozilla Firefox\\browser\\extensions\\{972ce4c6-7e08-4474-a285-3208198ce6fd}","e":true,"v":"36.0.4","st":1426969958505,"mt":1426969958505}},"winreg-app-global":{"automation3@ranorex.com":{"d":"C:\\Program Files (x86)\\Ranorex 4.1\\Ranorex Firefox Extension","e":false,"v":"4.1.1.15872","st":1382193527437,"mt":1380116962000}}}
1427706875133	addons.xpi	DEBUG	No changes found
1427706875136	addons.manager	DEBUG	Registering shutdown blocker for XPIProvider
1427706875136	addons.manager	DEBUG	Registering shutdown blocker for LightweightThemeManager
1427706875137	addons.manager	DEBUG	Registering shutdown blocker for OpenH264Provider
1427706875137	addons.manager	DEBUG	Registering shutdown blocker for PluginProvider
JavaScript error: file:///C:/Users/Admin/AppData/Local/Temp/anonymous7212343998172277266webdriver-profile/extensions/fxdriver@googlecode.com/components/driver-component.js, line 11487: TypeError: this.server_ is undefined
JavaScript error: chrome://fxdriver/content/server.js, line 38: NS_ERROR_XPC_CI_RETURNED_FAILURE: Component returned failure code: 0x80570015 (NS_ERROR_XPC_CI_RETURNED_FAILURE) [nsIJSCID.createInstance]
*** Blocklist::_preloadBlocklistFile: blocklist is disabled
1427706876430	addons.manager	DEBUG	Registering shutdown blocker for <unnamed-provider>

Build info: version: '2.37.0', revision: 'a7c61cb', time: '2013-10-18 17:15:02'
System info: host: 'DE-C-W-878', ip: '192.168.56.1', os.name: 'Windows 7', os.arch: 'amd64', os.version: '6.1', java.version: '1.7.0_45'
Driver info: driver.version: FirefoxDriver
	at org.openqa.selenium.firefox.internal.NewProfileExtensionConnection.start(NewProfileExtensionConnection.java:118)
	at org.openqa.selenium.firefox.FirefoxDriver.startClient(FirefoxDriver.java:246)
	at org.openqa.selenium.remote.RemoteWebDriver.<init>(RemoteWebDriver.java:114)
	at org.openqa.selenium.firefox.FirefoxDriver.<init>(FirefoxDriver.java:193)
	at org.openqa.selenium.firefox.FirefoxDriver.<init>(FirefoxDriver.java:186)
	at org.openqa.selenium.firefox.FirefoxDriver.<init>(FirefoxDriver.java:104)
	at sun.reflect.NativeConstructorAccessorImpl.newInstance0(Native Method)
	at sun.reflect.NativeConstructorAccessorImpl.newInstance(Unknown Source)
	at sun.reflect.DelegatingConstructorAccessorImpl.newInstance(Unknown Source)
	at java.lang.reflect.Constructor.newInstance(Unknown Source)
	at org.openqa.selenium.remote.server.DefaultDriverProvider.callConstructor(DefaultDriverProvider.java:59)
	at org.openqa.selenium.remote.server.DefaultDriverProvider.newInstance(DefaultDriverProvider.java:53)
	at org.openqa.selenium.remote.server.DefaultDriverFactory.newInstance(DefaultDriverFactory.java:54)
	at org.openqa.selenium.remote.server.DefaultSession$BrowserCreator.call(DefaultSession.java:214)
	at org.openqa.selenium.remote.server.DefaultSession$BrowserCreator.call(DefaultSession.java:1)
	at java.util.concurrent.FutureTask.run(Unknown Source)
	at org.openqa.selenium.remote.server.DefaultSession$1.run(DefaultSession.java:168)
	at java.util.concurrent.ThreadPoolExecutor.runWorker(Unknown Source)
	at java.util.concurrent.ThreadPoolExecutor$Worker.run(Unknown Source)
	at java.lang.Thread.run(Unknown Source)
]]>
    </failure>
  </testcase> <!-- testDeleteAllUsersWithoutAdmin -->
</testsuite> <!-- tests.DeleteAllUsersExceptAdmin -->
