<?xml version="1.0" encoding="UTF-8"?>
<!-- Generated by org.testng.reporters.JUnitReportReporter -->
<testsuite hostname="DE-C-W-878" name="tests.DeleteAllUsersWithoutAdmin" tests="1" failures="0" timestamp="4 Nov 2013 21:41:14 GMT" time="15.599" errors="0">
  <testcase name="testDeleteAllUsersWithoutAdmin" time="15.599" classname="tests.DeleteAllUsersWithoutAdmin"/>
</testsuite> <!-- tests.DeleteAllUsersWithoutAdmin -->
