<?xml version="1.0" encoding="UTF-8"?>
<!-- Generated by org.testng.reporters.JUnitReportReporter -->
<testsuite hostname="DE-C-W-878" name="tests.AddUsersFromSQL" tests="3" failures="0" timestamp="4 Nov 2013 21:41:14 GMT" time="34.050" errors="0">
  <testcase name="testAddUsersFromSQL" time="7.475" classname="tests.AddUsersFromSQL"/>
  <testcase name="testAddUsersFromSQL" time="19.039" classname="tests.AddUsersFromSQL"/>
  <testcase name="testAddUsersFromSQL" time="7.536" classname="tests.AddUsersFromSQL"/>
</testsuite> <!-- tests.AddUsersFromSQL -->
